<?xml version="1.0" encoding="UTF-8"?>
<!-- Generated by org.testng.reporters.JUnitReportReporter -->
<testsuite skipped="0" hostname="HAPPY-LADDU" name="com.mysoft.MathServiceImplTest" tests="3" failures="0" timestamp="01 Feb 2019 04:07:28 GMT" time="0.016" errors="0">
  <testcase name="sum" time="0.012" classname="com.mysoft.MathServiceImplTest"/>
  <testcase name="sum1" time="0.004" classname="com.mysoft.MathServiceImplTest"/>
  <testcase name="sum2" time="0.000" classname="com.mysoft.MathServiceImplTest"/>
</testsuite> <!-- com.mysoft.MathServiceImplTest -->
